2025-08-16 00:06:37,502 - __main__ - DEBUG - Starting scrape from https://www.vlr.gg/event/2501/vct-2025-americas-stage-2
2025-08-16 00:06:37,513 - urllib3.connectionpool - DEBUG - Starting new HTTPS connection (1): www.vlr.gg:443
2025-08-16 00:06:37,741 - urllib3.connectionpool - DEBUG - https://www.vlr.gg:443 "GET /event/2501/vct-2025-americas-stage-2 HTTP/1.1" 200 None
2025-08-16 00:06:37,800 - __main__ - DEBUG - Found 2 group cards
2025-08-16 00:06:37,801 - __main__ - DEBUG - Processing group: Alpha
2025-08-16 00:06:37,801 - __main__ - DEBUG - Found 6 team rows in group Alpha
2025-08-16 00:06:37,801 - __main__ - DEBUG - 
                    Found team data:
                    - Team: SentinelsUnited States
                    - Record: 4–0
                    - Map Diff: 8/1
                    - Round Diff: 111/63
                    - Delta: +48
                    
2025-08-16 00:06:37,802 - __main__ - DEBUG - 
                    Found team data:
                    - Team: G2 EsportsUnited States
                    - Record: 3–1
                    - Map Diff: 7/3
                    - Round Diff: 122/74
                    - Delta: +48
                    
2025-08-16 00:06:37,802 - __main__ - DEBUG - 
                    Found team data:
                    - Team: Cloud9United States
                    - Record: 3–1
                    - Map Diff: 6/2
                    - Round Diff: 92/60
                    - Delta: +32
                    
2025-08-16 00:06:37,802 - __main__ - DEBUG - 
                    Found team data:
                    - Team: Evil GeniusesUnited States
                    - Record: 1–3
                    - Map Diff: 3/7
                    - Round Diff: 83/122
                    - Delta: -39
                    
2025-08-16 00:06:37,802 - __main__ - DEBUG - 
                    Found team data:
                    - Team: 2Game EsportsBrazil
                    - Record: 1–3
                    - Map Diff: 3/7
                    - Round Diff: 92/104
                    - Delta: -12
                    
2025-08-16 00:06:37,802 - __main__ - DEBUG - 
                    Found team data:
                    - Team: FURIABrazil
                    - Record: 0–4
                    - Map Diff: 1/8
                    - Round Diff: 39/116
                    - Delta: -77
                    
2025-08-16 00:06:37,802 - __main__ - DEBUG - Processing group: Omega
2025-08-16 00:06:37,803 - __main__ - DEBUG - Found 6 team rows in group Omega
2025-08-16 00:06:37,803 - __main__ - DEBUG - 
                    Found team data:
                    - Team: NRGUnited States
                    - Record: 4–1
                    - Map Diff: 8/4
                    - Round Diff: 138/119
                    - Delta: +19
                    
2025-08-16 00:06:37,803 - __main__ - DEBUG - 
                    Found team data:
                    - Team: LEVIATÁNArgentina
                    - Record: 3–2
                    - Map Diff: 8/6
                    - Round Diff: 160/137
                    - Delta: +23
                    
2025-08-16 00:06:37,803 - __main__ - DEBUG - 
                    Found team data:
                    - Team: 100 ThievesUnited States
                    - Record: 3–2
                    - Map Diff: 7/5
                    - Round Diff: 128/118
                    - Delta: +10
                    
2025-08-16 00:06:37,803 - __main__ - DEBUG - 
                    Found team data:
                    - Team: VISA KRÜArgentina
                    - Record: 2–3
                    - Map Diff: 6/8
                    - Round Diff: 131/137
                    - Delta: -6
                    
2025-08-16 00:06:37,803 - __main__ - DEBUG - 
                    Found team data:
                    - Team: LOUDBrazil
                    - Record: 1–3
                    - Map Diff: 4/7
                    - Round Diff: 105/124
                    - Delta: -19
                    
2025-08-16 00:06:37,803 - __main__ - DEBUG - 
                    Found team data:
                    - Team: MIBRBrazil
                    - Record: 1–3
                    - Map Diff: 3/6
                    - Round Diff: 84/111
                    - Delta: -27
                    
2025-08-16 00:06:37,803 - __main__ - DEBUG - Scraped 12 total standings entries
2025-08-16 00:06:37,803 - __main__ - INFO - ✅ Scraped 12 standings entries
2025-08-16 00:06:37,803 - __main__ - DEBUG - - SentinelsUnited States: 4–0 (Alpha)
2025-08-16 00:06:37,803 - __main__ - DEBUG - - G2 EsportsUnited States: 3–1 (Alpha)
2025-08-16 00:06:37,803 - __main__ - DEBUG - - Cloud9United States: 3–1 (Alpha)
2025-08-16 00:06:37,803 - __main__ - DEBUG - - Evil GeniusesUnited States: 1–3 (Alpha)
2025-08-16 00:06:37,803 - __main__ - DEBUG - - 2Game EsportsBrazil: 1–3 (Alpha)
2025-08-16 00:06:37,803 - __main__ - DEBUG - - FURIABrazil: 0–4 (Alpha)
2025-08-16 00:06:37,803 - __main__ - DEBUG - - NRGUnited States: 4–1 (Omega)
2025-08-16 00:06:37,803 - __main__ - DEBUG - - LEVIATÁNArgentina: 3–2 (Omega)
2025-08-16 00:06:37,803 - __main__ - DEBUG - - 100 ThievesUnited States: 3–2 (Omega)
2025-08-16 00:06:37,803 - __main__ - DEBUG - - VISA KRÜArgentina: 2–3 (Omega)
2025-08-16 00:06:37,803 - __main__ - DEBUG - - LOUDBrazil: 1–3 (Omega)
2025-08-16 00:06:37,803 - __main__ - DEBUG - - MIBRBrazil: 1–3 (Omega)
2025-08-16 00:06:37,803 - __main__ - DEBUG - Saving 12 records to database at /Users/jesusdonaciano/Desktop/projects/VCTPredictorAPP/mvp3-auto-predictor/val_standings.db
2025-08-16 00:06:37,803 - __main__ - ERROR - ❌ Error: name 'logger' is not defined
2025-08-16 00:10:01,506 - root - INFO - Starting scheduled scrape at 2025-08-16 00:10:01.506671
2025-08-16 00:10:01,506 - scraper - DEBUG - Starting scrape from https://www.vlr.gg/event/2501/vct-2025-americas-stage-2
2025-08-16 00:10:01,516 - urllib3.connectionpool - DEBUG - Starting new HTTPS connection (1): www.vlr.gg:443
2025-08-16 00:10:01,767 - urllib3.connectionpool - DEBUG - https://www.vlr.gg:443 "GET /event/2501/vct-2025-americas-stage-2 HTTP/1.1" 200 None
2025-08-16 00:10:01,824 - scraper - DEBUG - Found 2 group cards
2025-08-16 00:10:01,824 - scraper - DEBUG - Processing group: Alpha
2025-08-16 00:10:01,825 - scraper - DEBUG - Found 6 team rows in group Alpha
2025-08-16 00:10:01,825 - scraper - DEBUG - 
                    Found team data:
                    - Team: SentinelsUnited States
                    - Record: 4–0
                    - Map Diff: 8/1
                    - Round Diff: 111/63
                    - Delta: +48
                    
2025-08-16 00:10:01,825 - scraper - DEBUG - 
                    Found team data:
                    - Team: G2 EsportsUnited States
                    - Record: 3–1
                    - Map Diff: 7/3
                    - Round Diff: 122/74
                    - Delta: +48
                    
2025-08-16 00:10:01,825 - scraper - DEBUG - 
                    Found team data:
                    - Team: Cloud9United States
                    - Record: 3–1
                    - Map Diff: 6/2
                    - Round Diff: 92/60
                    - Delta: +32
                    
2025-08-16 00:10:01,826 - scraper - DEBUG - 
                    Found team data:
                    - Team: Evil GeniusesUnited States
                    - Record: 1–3
                    - Map Diff: 3/7
                    - Round Diff: 83/122
                    - Delta: -39
                    
2025-08-16 00:10:01,826 - scraper - DEBUG - 
                    Found team data:
                    - Team: 2Game EsportsBrazil
                    - Record: 1–3
                    - Map Diff: 3/7
                    - Round Diff: 92/104
                    - Delta: -12
                    
2025-08-16 00:10:01,826 - scraper - DEBUG - 
                    Found team data:
                    - Team: FURIABrazil
                    - Record: 0–4
                    - Map Diff: 1/8
                    - Round Diff: 39/116
                    - Delta: -77
                    
2025-08-16 00:10:01,826 - scraper - DEBUG - Processing group: Omega
2025-08-16 00:10:01,826 - scraper - DEBUG - Found 6 team rows in group Omega
2025-08-16 00:10:01,826 - scraper - DEBUG - 
                    Found team data:
                    - Team: NRGUnited States
                    - Record: 4–1
                    - Map Diff: 8/4
                    - Round Diff: 138/119
                    - Delta: +19
                    
2025-08-16 00:10:01,827 - scraper - DEBUG - 
                    Found team data:
                    - Team: LEVIATÁNArgentina
                    - Record: 3–2
                    - Map Diff: 8/6
                    - Round Diff: 160/137
                    - Delta: +23
                    
2025-08-16 00:10:01,827 - scraper - DEBUG - 
                    Found team data:
                    - Team: 100 ThievesUnited States
                    - Record: 3–2
                    - Map Diff: 7/5
                    - Round Diff: 128/118
                    - Delta: +10
                    
2025-08-16 00:10:01,827 - scraper - DEBUG - 
                    Found team data:
                    - Team: VISA KRÜArgentina
                    - Record: 2–3
                    - Map Diff: 6/8
                    - Round Diff: 131/137
                    - Delta: -6
                    
2025-08-16 00:10:01,827 - scraper - DEBUG - 
                    Found team data:
                    - Team: LOUDBrazil
                    - Record: 1–3
                    - Map Diff: 4/7
                    - Round Diff: 105/124
                    - Delta: -19
                    
2025-08-16 00:10:01,827 - scraper - DEBUG - 
                    Found team data:
                    - Team: MIBRBrazil
                    - Record: 1–3
                    - Map Diff: 3/6
                    - Round Diff: 84/111
                    - Delta: -27
                    
2025-08-16 00:10:01,827 - scraper - DEBUG - Scraped 12 total standings entries
2025-08-16 00:10:01,827 - scraper - DEBUG - Saving 12 records to database at /Users/jesusdonaciano/Desktop/projects/VCTPredictorAPP/mvp3-auto-predictor/val_standings.db
2025-08-16 00:10:01,827 - scraper - ERROR - Database save operation failed: name 'logger' is not defined
2025-08-16 00:10:01,827 - root - INFO - Successfully saved 0 records to database
2025-08-16 00:13:11,067 - __main__ - DEBUG - Starting scrape from https://www.vlr.gg/event/2501/vct-2025-americas-stage-2
2025-08-16 00:13:11,077 - urllib3.connectionpool - DEBUG - Starting new HTTPS connection (1): www.vlr.gg:443
2025-08-16 00:13:11,314 - urllib3.connectionpool - DEBUG - https://www.vlr.gg:443 "GET /event/2501/vct-2025-americas-stage-2 HTTP/1.1" 200 None
2025-08-16 00:13:11,370 - __main__ - DEBUG - Found 2 group cards
2025-08-16 00:13:11,370 - __main__ - DEBUG - Processing group: Alpha
2025-08-16 00:13:11,370 - __main__ - DEBUG - Found 6 team rows in group Alpha
2025-08-16 00:13:11,371 - __main__ - DEBUG - 
                    Found team data:
                    - Team: SentinelsUnited States
                    - Record: 4–0
                    - Map Diff: 8/1
                    - Round Diff: 111/63
                    - Delta: +48
                    
2025-08-16 00:13:11,371 - __main__ - DEBUG - 
                    Found team data:
                    - Team: G2 EsportsUnited States
                    - Record: 3–1
                    - Map Diff: 7/3
                    - Round Diff: 122/74
                    - Delta: +48
                    
2025-08-16 00:13:11,371 - __main__ - DEBUG - 
                    Found team data:
                    - Team: Cloud9United States
                    - Record: 3–1
                    - Map Diff: 6/2
                    - Round Diff: 92/60
                    - Delta: +32
                    
2025-08-16 00:13:11,371 - __main__ - DEBUG - 
                    Found team data:
                    - Team: Evil GeniusesUnited States
                    - Record: 1–3
                    - Map Diff: 3/7
                    - Round Diff: 83/122
                    - Delta: -39
                    
2025-08-16 00:13:11,371 - __main__ - DEBUG - 
                    Found team data:
                    - Team: 2Game EsportsBrazil
                    - Record: 1–3
                    - Map Diff: 3/7
                    - Round Diff: 92/104
                    - Delta: -12
                    
2025-08-16 00:13:11,371 - __main__ - DEBUG - 
                    Found team data:
                    - Team: FURIABrazil
                    - Record: 0–4
                    - Map Diff: 1/8
                    - Round Diff: 39/116
                    - Delta: -77
                    
2025-08-16 00:13:11,371 - __main__ - DEBUG - Processing group: Omega
2025-08-16 00:13:11,372 - __main__ - DEBUG - Found 6 team rows in group Omega
2025-08-16 00:13:11,372 - __main__ - DEBUG - 
                    Found team data:
                    - Team: NRGUnited States
                    - Record: 4–1
                    - Map Diff: 8/4
                    - Round Diff: 138/119
                    - Delta: +19
                    
2025-08-16 00:13:11,372 - __main__ - DEBUG - 
                    Found team data:
                    - Team: LEVIATÁNArgentina
                    - Record: 3–2
                    - Map Diff: 8/6
                    - Round Diff: 160/137
                    - Delta: +23
                    
2025-08-16 00:13:11,372 - __main__ - DEBUG - 
                    Found team data:
                    - Team: 100 ThievesUnited States
                    - Record: 3–2
                    - Map Diff: 7/5
                    - Round Diff: 128/118
                    - Delta: +10
                    
2025-08-16 00:13:11,372 - __main__ - DEBUG - 
                    Found team data:
                    - Team: VISA KRÜArgentina
                    - Record: 2–3
                    - Map Diff: 6/8
                    - Round Diff: 131/137
                    - Delta: -6
                    
2025-08-16 00:13:11,372 - __main__ - DEBUG - 
                    Found team data:
                    - Team: LOUDBrazil
                    - Record: 1–3
                    - Map Diff: 4/7
                    - Round Diff: 105/124
                    - Delta: -19
                    
2025-08-16 00:13:11,373 - __main__ - DEBUG - 
                    Found team data:
                    - Team: MIBRBrazil
                    - Record: 1–3
                    - Map Diff: 3/6
                    - Round Diff: 84/111
                    - Delta: -27
                    
2025-08-16 00:13:11,373 - __main__ - DEBUG - Scraped 12 total standings entries
2025-08-16 00:13:11,373 - __main__ - INFO - ✅ Scraped 12 standings entries
2025-08-16 00:13:11,373 - __main__ - DEBUG - - SentinelsUnited States: 4–0 (Alpha)
2025-08-16 00:13:11,373 - __main__ - DEBUG - - G2 EsportsUnited States: 3–1 (Alpha)
2025-08-16 00:13:11,373 - __main__ - DEBUG - - Cloud9United States: 3–1 (Alpha)
2025-08-16 00:13:11,373 - __main__ - DEBUG - - Evil GeniusesUnited States: 1–3 (Alpha)
2025-08-16 00:13:11,373 - __main__ - DEBUG - - 2Game EsportsBrazil: 1–3 (Alpha)
2025-08-16 00:13:11,373 - __main__ - DEBUG - - FURIABrazil: 0–4 (Alpha)
2025-08-16 00:13:11,373 - __main__ - DEBUG - - NRGUnited States: 4–1 (Omega)
2025-08-16 00:13:11,373 - __main__ - DEBUG - - LEVIATÁNArgentina: 3–2 (Omega)
2025-08-16 00:13:11,373 - __main__ - DEBUG - - 100 ThievesUnited States: 3–2 (Omega)
2025-08-16 00:13:11,373 - __main__ - DEBUG - - VISA KRÜArgentina: 2–3 (Omega)
2025-08-16 00:13:11,373 - __main__ - DEBUG - - LOUDBrazil: 1–3 (Omega)
2025-08-16 00:13:11,373 - __main__ - DEBUG - - MIBRBrazil: 1–3 (Omega)
2025-08-16 00:13:11,373 - __main__ - DEBUG - Saving 12 records to database at /Users/jesusdonaciano/Desktop/projects/VCTPredictorAPP/mvp3-auto-predictor/val_standings.db
2025-08-16 00:13:11,375 - db - DEBUG - Database initialized at /Users/jesusdonaciano/Desktop/projects/VCTPredictorAPP/mvp3-auto-predictor/val_standings.db
2025-08-16 00:13:11,376 - __main__ - DEBUG - Saved Sentinels data successfully
2025-08-16 00:13:11,376 - __main__ - DEBUG - Saved G2 Esports data successfully
2025-08-16 00:13:11,377 - __main__ - DEBUG - Saved Cloud9 data successfully
2025-08-16 00:13:11,377 - __main__ - DEBUG - Saved Evil Geniuses data successfully
2025-08-16 00:13:11,377 - __main__ - DEBUG - Saved 2Game Esports data successfully
2025-08-16 00:13:11,378 - __main__ - DEBUG - Saved FURIA data successfully
2025-08-16 00:13:11,378 - __main__ - DEBUG - Saved NRG data successfully
2025-08-16 00:13:11,379 - __main__ - DEBUG - Saved LEVIATÁN data successfully
2025-08-16 00:13:11,379 - __main__ - DEBUG - Saved 100 Thieves data successfully
2025-08-16 00:13:11,380 - __main__ - DEBUG - Saved VISA KRÜ data successfully
2025-08-16 00:13:11,380 - __main__ - DEBUG - Saved LOUD data successfully
2025-08-16 00:13:11,380 - __main__ - DEBUG - Saved MIBR data successfully
2025-08-16 00:13:11,381 - __main__ - INFO - Successfully saved 12 records
2025-08-16 00:13:11,381 - __main__ - INFO - ✅ Saved 12 records to database
2025-08-16 00:19:01,510 - __main__ - INFO - ==================================================
2025-08-16 00:19:01,510 - __main__ - INFO - Starting scheduled scrape at 2025-08-16 00:19:01.510850
2025-08-16 00:19:01,514 - __main__ - INFO - Created database backup: /Users/jesusdonaciano/Desktop/projects/VCTPredictorAPP/mvp3-auto-predictor/val_standings.db.backup
2025-08-16 00:19:01,514 - scraper - DEBUG - Starting scrape from https://www.vlr.gg/event/2501/vct-2025-americas-stage-2
2025-08-16 00:19:01,525 - urllib3.connectionpool - DEBUG - Starting new HTTPS connection (1): www.vlr.gg:443
2025-08-16 00:19:01,792 - urllib3.connectionpool - DEBUG - https://www.vlr.gg:443 "GET /event/2501/vct-2025-americas-stage-2 HTTP/1.1" 200 None
2025-08-16 00:19:01,844 - scraper - DEBUG - Found 2 group cards
2025-08-16 00:19:01,844 - scraper - DEBUG - Processing group: Alpha
2025-08-16 00:19:01,845 - scraper - DEBUG - Found 6 team rows in group Alpha
2025-08-16 00:19:01,845 - scraper - DEBUG - 
                    Found team data:
                    - Team: SentinelsUnited States
                    - Record: 4–0
                    - Map Diff: 8/1
                    - Round Diff: 111/63
                    - Delta: +48
                    
2025-08-16 00:19:01,845 - scraper - DEBUG - 
                    Found team data:
                    - Team: G2 EsportsUnited States
                    - Record: 3–1
                    - Map Diff: 7/3
                    - Round Diff: 122/74
                    - Delta: +48
                    
2025-08-16 00:19:01,845 - scraper - DEBUG - 
                    Found team data:
                    - Team: Cloud9United States
                    - Record: 3–1
                    - Map Diff: 6/2
                    - Round Diff: 92/60
                    - Delta: +32
                    
2025-08-16 00:19:01,846 - scraper - DEBUG - 
                    Found team data:
                    - Team: Evil GeniusesUnited States
                    - Record: 1–3
                    - Map Diff: 3/7
                    - Round Diff: 83/122
                    - Delta: -39
                    
2025-08-16 00:19:01,846 - scraper - DEBUG - 
                    Found team data:
                    - Team: 2Game EsportsBrazil
                    - Record: 1–3
                    - Map Diff: 3/7
                    - Round Diff: 92/104
                    - Delta: -12
                    
2025-08-16 00:19:01,846 - scraper - DEBUG - 
                    Found team data:
                    - Team: FURIABrazil
                    - Record: 0–4
                    - Map Diff: 1/8
                    - Round Diff: 39/116
                    - Delta: -77
                    
2025-08-16 00:19:01,846 - scraper - DEBUG - Processing group: Omega
2025-08-16 00:19:01,846 - scraper - DEBUG - Found 6 team rows in group Omega
2025-08-16 00:19:01,846 - scraper - DEBUG - 
                    Found team data:
                    - Team: NRGUnited States
                    - Record: 4–1
                    - Map Diff: 8/4
                    - Round Diff: 138/119
                    - Delta: +19
                    
2025-08-16 00:19:01,847 - scraper - DEBUG - 
                    Found team data:
                    - Team: LEVIATÁNArgentina
                    - Record: 3–2
                    - Map Diff: 8/6
                    - Round Diff: 160/137
                    - Delta: +23
                    
2025-08-16 00:19:01,847 - scraper - DEBUG - 
                    Found team data:
                    - Team: 100 ThievesUnited States
                    - Record: 3–2
                    - Map Diff: 7/5
                    - Round Diff: 128/118
                    - Delta: +10
                    
2025-08-16 00:19:01,847 - scraper - DEBUG - 
                    Found team data:
                    - Team: VISA KRÜArgentina
                    - Record: 2–3
                    - Map Diff: 6/8
                    - Round Diff: 131/137
                    - Delta: -6
                    
2025-08-16 00:19:01,847 - scraper - DEBUG - 
                    Found team data:
                    - Team: LOUDBrazil
                    - Record: 1–3
                    - Map Diff: 4/7
                    - Round Diff: 105/124
                    - Delta: -19
                    
2025-08-16 00:19:01,847 - scraper - DEBUG - 
                    Found team data:
                    - Team: MIBRBrazil
                    - Record: 1–3
                    - Map Diff: 3/6
                    - Round Diff: 84/111
                    - Delta: -27
                    
2025-08-16 00:19:01,847 - scraper - DEBUG - Scraped 12 total standings entries
2025-08-16 00:19:01,847 - scraper - DEBUG - Saving 12 records to database at /Users/jesusdonaciano/Desktop/projects/VCTPredictorAPP/mvp3-auto-predictor/val_standings.db
2025-08-16 00:19:01,850 - db - DEBUG - Database initialized at /Users/jesusdonaciano/Desktop/projects/VCTPredictorAPP/mvp3-auto-predictor/val_standings.db
2025-08-16 00:19:01,850 - scraper - DEBUG - Saved Sentinels data successfully
2025-08-16 00:19:01,851 - scraper - DEBUG - Saved G2 Esports data successfully
2025-08-16 00:19:01,851 - scraper - DEBUG - Saved Cloud9 data successfully
2025-08-16 00:19:01,851 - scraper - DEBUG - Saved Evil Geniuses data successfully
2025-08-16 00:19:01,852 - scraper - DEBUG - Saved 2Game Esports data successfully
2025-08-16 00:19:01,852 - scraper - DEBUG - Saved FURIA data successfully
2025-08-16 00:19:01,852 - scraper - DEBUG - Saved NRG data successfully
2025-08-16 00:19:01,853 - scraper - DEBUG - Saved LEVIATÁN data successfully
2025-08-16 00:19:01,853 - scraper - DEBUG - Saved 100 Thieves data successfully
2025-08-16 00:19:01,853 - scraper - DEBUG - Saved VISA KRÜ data successfully
2025-08-16 00:19:01,854 - scraper - DEBUG - Saved LOUD data successfully
2025-08-16 00:19:01,854 - scraper - DEBUG - Saved MIBR data successfully
2025-08-16 00:19:01,854 - scraper - INFO - Successfully saved 12 records
2025-08-16 00:19:01,854 - __main__ - INFO - Successfully saved 12 records to database
2025-08-16 00:19:01,854 - __main__ - INFO - Scrape completed at 2025-08-16 00:19:01.854757
2025-08-16 00:19:01,854 - __main__ - INFO - ==================================================
